<?xml version="1.0" encoding="UTF-8"?>
<testsuite name="Contacto con la pagina web" tests="1" skipped="0" failures="0" errors="0" timestamp="2022-03-27T07:14:56" hostname="LAPTOP-A0PFNQJO" time="22.61">
  <properties/>
  <testcase name="Envio exitoso de la informacion" classname="Contacto con la pagina web" time="22.61"/>
  <system-out><![CDATA[]]></system-out>
  <system-err><![CDATA[mar 27, 2022 2:14:57 AM org.openqa.selenium.remote.DesiredCapabilities chrome
INFORMACIÓN: Using `new ChromeOptions()` is preferred to `DesiredCapabilities.chrome()`
Starting ChromeDriver 99.0.4844.51 (d537ec02474b5afe23684e7963d538896c63ac77-refs/branch-heads/4844@{#875}) on port 11846
Only local connections are allowed.
Please see https://chromedriver.chromium.org/security-considerations for suggestions on keeping ChromeDriver safe.
ChromeDriver was started successfully.
mar 27, 2022 2:14:59 AM org.openqa.selenium.remote.ProtocolHandshake createSession
INFORMACIÓN: Detected dialect: W3C
]]></system-err>
</testsuite>
